producer_class	xtools.gsea.GseaPreranked
producer_timestamp	1680652218639
param	rpt_label	GSEA_human_brain_metastasis
param	rnd_seed	12345
param	set_min	15
param	zip_report	false
param	create_svgs	false
param	scoring_scheme	weighted
param	rnk	/home/rstudio/projects/data/a2_ranked.rnk
param	norm	meandiv
param	out	/home/rstudio/projects
param	mode	Max_probe
param	include_only_symbols	true
param	help	false
param	set_max	200
param	gmx	/home/rstudio/projects/data/baderlabGO.gmt
param	make_sets	true
param	plot_top_x	20
param	gui	false
param	nperm	1000
param	collapse	No_Collapse

file	/home/rstudio/projects/GSEA_human_brain_metastasis.GseaPreranked.1680652218639/index.html
